[2020-05-12T22:32:19] INFO [fillform.py.__init__:30] objUser, id=00045217, name=clarck, pw=123938619, email=vulhjp0122@hotmail.com
[2020-05-12T22:32:19] INFO [fillform.py.__init__:31] objSystem, id=, name=clarck, pw=jo4gk6ai7, email=clarck5566@gmail.com
[2020-05-12T22:32:19] INFO [fillform.py.run:35] Starting clarck, delay=99, Teamperature=35.7
[2020-05-12T22:32:46] INFO [fillform.py.__init__:30] objUser, id=00045217, name=clarck, pw=123938619, email=vulhjp0122@hotmail.com
[2020-05-12T22:32:46] INFO [fillform.py.__init__:31] objSystem, id=, name=clarck, pw=jo4gk6ai7, email=clarck5566@gmail.com
[2020-05-12T22:32:46] INFO [fillform.py.run:35] Starting clarck, delay=8, Teamperature=36.1
[2020-05-12T22:33:13] INFO [fillform.py.__init__:30] objUser, id=00045217, name=clarck, pw=123938619, email=vulhjp0122@hotmail.com
[2020-05-12T22:33:13] INFO [fillform.py.__init__:31] objSystem, id=, name=clarck, pw=jo4gk6ai7, email=clarck5566@gmail.com
[2020-05-12T22:33:13] INFO [fillform.py.run:35] Starting clarck, delay=7, Teamperature=35.7
[2020-05-12T22:33:57] INFO [fillform.py.run:86] Message: 

[2020-05-12T22:33:57] INFO [fillform.py.run:90] Âêå‰ªÅÈ´îÊ∫´ÂõûÂ†±
[2020-05-12T22:33:57] INFO [fillform.py.run:90] 
[2020-05-12T22:33:59] INFO [fillform.py.run:107] Exiting clarck
[2020-06-11T22:49:48] INFO [fillform.py.__init__:30] objUser, id=00045217, name=vulhjp, pw=123938619, email=vulhjp0122@hotmail.com
[2020-06-11T22:49:48] INFO [fillform.py.__init__:31] objSystem, id=, name=clarck, pw=*******, email=clarck5566@gmail.com
[2020-06-11T22:49:48] INFO [fillform.py.run:35] Starting vulhjp, delay=222, Teamperature=35.9
[2020-06-11T22:50:30] INFO [fillform.py.__init__:30] objUser, id=00045217, name=vulhjp, pw=123938619, email=vulhjp0122@hotmail.com
[2020-06-11T22:50:30] INFO [fillform.py.__init__:31] objSystem, id=, name=clarck, pw=*******, email=clarck5566@gmail.com
[2020-06-11T22:50:31] INFO [fillform.py.run:35] Starting vulhjp, delay=193, Teamperature=35.9
[2020-06-11T22:51:01] INFO [fillform.py.__init__:30] objUser, id=00045217, name=vulhjp, pw=123938619, email=vulhjp0122@hotmail.com
[2020-06-11T22:51:01] INFO [fillform.py.__init__:31] objSystem, id=, name=clarck, pw=*******, email=clarck5566@gmail.com
[2020-06-11T22:51:20] INFO [fillform.py.__init__:30] objUser, id=00045217, name=vulhjp, pw=123938619, email=vulhjp0122@hotmail.com
[2020-06-11T22:51:20] INFO [fillform.py.__init__:31] objSystem, id=, name=clarck, pw=*******, email=clarck5566@gmail.com
[2020-06-11T22:51:30] INFO [fillform.py.__init__:30] objUser, id=00045217, name=vulhjp, pw=123938619, email=vulhjp0122@hotmail.com
[2020-06-11T22:51:30] INFO [fillform.py.__init__:31] objSystem, id=, name=clarck, pw=*******, email=clarck5566@gmail.com
[2020-06-11T22:59:19] INFO [fillform.py.__init__:30] objUser, id=00045217, name=vulhjp, pw=123938619, email=vulhjp0122@hotmail.com
[2020-06-11T22:59:19] INFO [fillform.py.__init__:31] objSystem, id=, name=clarck, pw=*******, email=clarck5566@gmail.com
[2020-06-11T23:00:16] INFO [fillform.py.__init__:30] objUser, id=00045217, name=vulhjp, pw=123938619, email=vulhjp0122@hotmail.com
[2020-06-11T23:00:16] INFO [fillform.py.__init__:31] objSystem, id=, name=clarck, pw=*******, email=clarck5566@gmail.com
[2020-06-11T23:15:41] INFO [fillform.py.__init__:32] objUser, id=00045217, name=vulhjp, pw=123938619, email=vulhjp0122@hotmail.com
[2020-06-11T23:15:41] INFO [fillform.py.__init__:33] objSystem, id=, name=clarck, pw=*******, email=clarck5566@gmail.com
[2020-06-11T23:17:16] INFO [fillform.py.__init__:32] objUser, id=00045217, name=vulhjp, pw=123938619, email=vulhjp0122@hotmail.com
[2020-06-11T23:17:16] INFO [fillform.py.__init__:33] objSystem, id=, name=clarck, pw=*******, email=clarck5566@gmail.com
[2020-06-11T23:17:41] INFO [fillform.py.__init__:32] objUser, id=00045217, name=vulhjp, pw=123938619, email=vulhjp0122@hotmail.com
[2020-06-11T23:17:41] INFO [fillform.py.__init__:33] objSystem, id=, name=clarck, pw=*******, email=clarck5566@gmail.com
[2020-06-11T23:18:27] INFO [fillform.py.ExeFill:95] Message: 

[2020-06-11T23:18:27] INFO [fillform.py.ExeFill:99] Âêå‰ªÅÈ´îÊ∫´ÂõûÂ†±
[2020-06-11T23:18:27] INFO [fillform.py.ExeFill:99] 
[2020-06-11T23:18:50] INFO [fillform.py.ExeFill:125] Fill form fail, execute retry, current retry=1
[2020-06-11T23:20:18] INFO [fillform.py.__init__:32] objUser, id=00045217, name=vulhjp, pw=123938619, email=vulhjp0122@hotmail.com
[2020-06-11T23:20:18] INFO [fillform.py.__init__:33] objSystem, id=, name=clarck, pw=*******, email=clarck5566@gmail.com
[2020-06-11T23:20:43] INFO [fillform.py.ExeFill:95] Message: 

[2020-06-11T23:20:43] INFO [fillform.py.ExeFill:99] Âêå‰ªÅÈ´îÊ∫´ÂõûÂ†±
[2020-06-11T23:20:43] INFO [fillform.py.ExeFill:99] 
[2020-06-11T23:20:47] INFO [fillform.py.ExeFill:125] Fill form fail, execute retry, current retry=1
[2020-06-11T23:21:17] INFO [fillform.py.ExeFill:95] Message: 

[2020-06-11T23:21:17] INFO [fillform.py.ExeFill:99] Âêå‰ªÅÈ´îÊ∫´ÂõûÂ†±
[2020-06-11T23:21:17] INFO [fillform.py.ExeFill:99] 
[2020-06-11T23:21:22] INFO [fillform.py.ExeFill:125] Fill form fail, execute retry, current retry=2
[2020-06-11T23:21:57] INFO [fillform.py.ExeFill:95] Message: 

[2020-06-11T23:21:57] INFO [fillform.py.ExeFill:99] Âêå‰ªÅÈ´îÊ∫´ÂõûÂ†±
[2020-06-11T23:21:57] INFO [fillform.py.ExeFill:99] 
[2020-06-11T23:21:58] INFO [fillform.py.ExeFill:125] Fill form fail, execute retry, current retry=3
[2020-06-11T23:22:26] INFO [fillform.py.ExeFill:95] Message: 

[2020-06-11T23:22:26] INFO [fillform.py.ExeFill:99] Âêå‰ªÅÈ´îÊ∫´ÂõûÂ†±
[2020-06-11T23:22:26] INFO [fillform.py.ExeFill:99] 
[2020-06-11T23:22:29] INFO [fillform.py.ExeFill:125] Fill form fail, execute retry, current retry=4
[2020-06-11T23:22:58] INFO [fillform.py.ExeFill:95] Message: 

[2020-06-11T23:22:58] INFO [fillform.py.ExeFill:99] Âêå‰ªÅÈ´îÊ∫´ÂõûÂ†±
[2020-06-11T23:22:58] INFO [fillform.py.ExeFill:99] 
[2020-06-11T23:23:01] INFO [fillform.py.ExeFill:125] Fill form fail, execute retry, current retry=5
[2020-06-11T23:23:31] INFO [fillform.py.ExeFill:95] Message: 

[2020-06-11T23:23:31] INFO [fillform.py.ExeFill:99] Âêå‰ªÅÈ´îÊ∫´ÂõûÂ†±
[2020-06-11T23:23:31] INFO [fillform.py.ExeFill:99] 
[2020-06-11T23:23:36] INFO [fillform.py.ExeFill:123] Exiting vulhjp, Retry over times, Retry=6
[2021-05-30T10:29:36] INFO [fillform.py.__init__:40] objUser, id=00045217, name=clarck, pw=123938619, email=, NowWeekday=6
[2021-05-30T10:29:36] INFO [fillform.py.__init__:41] objSystem, id=, name=clarck, pw=*******, email=clarck5566@gmail.com, NowWeekday=6
[2021-05-30T10:32:14] INFO [fillform.py.__init__:40] objUser, id=00045217, name=clarck, pw=123938619, email=, NowWeekday=6
[2021-05-30T10:32:14] INFO [fillform.py.__init__:41] objSystem, id=, name=clarck, pw=*******, email=clarck5566@gmail.com, NowWeekday=6
[2021-05-30T10:35:05] INFO [fillform.py.__init__:40] objUser, id=00045217, name=clarck, pw=123938619, email=, NowWeekday=6
[2021-05-30T10:35:05] INFO [fillform.py.__init__:41] objSystem, id=, name=clarck, pw=*******, email=clarck5566@gmail.com, NowWeekday=6
[2021-05-30T10:40:17] INFO [fillform.py.__init__:40] objUser, id=00045217, name=clarck, pw=123938619, email=, NowWeekday=6
[2021-05-30T10:40:17] INFO [fillform.py.__init__:41] objSystem, id=, name=clarck, pw=*******, email=clarck5566@gmail.com, NowWeekday=6
[2021-05-30T10:41:44] INFO [fillform.py.__init__:40] objUser, id=00045217, name=clarck, pw=123938619, email=, NowWeekday=6
[2021-05-30T10:41:44] INFO [fillform.py.__init__:41] objSystem, id=, name=clarck, pw=*******, email=clarck5566@gmail.com, NowWeekday=6
[2021-05-30T10:42:06] INFO [fillform.py.ExeFill:112] Message: 

[2021-05-30T10:42:06] INFO [fillform.py.ExeFill:116] ¶P§Ø≈È∑≈¶^≥¯
[2021-05-30T10:42:06] INFO [fillform.py.ExeFill:116] 
[2021-05-30T10:42:10] INFO [fillform.py.ExeFill:142] Fill form fail, execute retry, current retry=1, LIMIT=5
[2021-05-30T10:42:46] INFO [fillform.py.__init__:40] objUser, id=00045217, name=clarck, pw=123938619, email=, NowWeekday=6
[2021-05-30T10:42:46] INFO [fillform.py.__init__:41] objSystem, id=, name=clarck, pw=*******, email=clarck5566@gmail.com, NowWeekday=6
[2021-05-30T10:43:59] INFO [fillform.py.__init__:40] objUser, id=00045217, name=clarck, pw=123938619, email=, NowWeekday=6
[2021-05-30T10:43:59] INFO [fillform.py.__init__:41] objSystem, id=, name=clarck, pw=*******, email=clarck5566@gmail.com, NowWeekday=6
[2021-05-30T10:44:54] INFO [fillform.py.__init__:40] objUser, id=00045217, name=clarck, pw=123938619, email=, NowWeekday=6
[2021-05-30T10:44:54] INFO [fillform.py.__init__:41] objSystem, id=, name=clarck, pw=*******, email=clarck5566@gmail.com, NowWeekday=6
[2021-05-30T10:49:41] INFO [fillform.py.__init__:40] objUser, id=00045217, name=clarck, pw=123938619, email=, NowWeekday=6
[2021-05-30T10:49:41] INFO [fillform.py.__init__:41] objSystem, id=, name=clarck, pw=*******, email=clarck5566@gmail.com, NowWeekday=6
[2021-05-30T10:54:22] INFO [fillform.py.__init__:40] objUser, id=00045217, name=clarck, pw=123938619, email=, NowWeekday=6
[2021-05-30T10:54:22] INFO [fillform.py.__init__:41] objSystem, id=, name=clarck, pw=*******, email=clarck5566@gmail.com, NowWeekday=6
[2021-05-30T10:54:35] INFO [fillform.py.ExeFill:117] ¶P§Ø≈È∑≈¶^≥¯
[2021-05-30T10:54:35] INFO [fillform.py.ExeFill:117] 35.6 ¢J
[2021-05-30T10:54:35] INFO [fillform.py.ExeFill:117] •ø±` Normal
[2021-05-30T10:54:35] INFO [fillform.py.ExeFill:117] 
[2021-05-30T10:54:36] INFO [fillform.py.ExeFill:137] Exiting clarck
